# JRE version: OpenJDK Runtime Environment Temurin-17.0.16+8 (17.0.16+8) (build 17.0.16+8)
# Java VM: OpenJDK 64-Bit Server VM Temurin-17.0.16+8 (17.0.16+8, mixed mode, sharing, tiered, compressed oops, compressed class ptrs, g1 gc, windows-amd64)
GC Precious Log:
 CPUs: 12 total, 12 available
 Memory: 5989M
 Large Page Support: Disabled
 NUMA Support: Disabled
 Compressed Oops: Enabled (32-bit)
 Heap Region Size: 1M
 Heap Min Capacity: 8M
 Heap Initial Capacity: 94M
 Heap Max Capacity: 2G
 Pre-touch: Disabled
 Parallel Workers: 10
 Concurrent Workers: 3
 Concurrent Refinement Workers: 10
 Periodic GC: Disabled
Heap:
 garbage-first heap   total 510976K, used 340884K [0x0000000080000000, 0x0000000100000000)
  region size 1024K, 13 young (13312K), 13 survivors (13312K)
 Metaspace       used 216505K, committed 218880K, reserved 622592K
  class space    used 28141K, committed 29312K, reserved 425984K
GC Heap History (20 events):
Event: 110.721 GC heap after
{Heap after GC invocations=103 (full 0):
 garbage-first heap   total 510976K, used 236173K [0x0000000080000000, 0x0000000100000000)
  region size 1024K, 2 young (2048K), 2 survivors (2048K)
 Metaspace       used 192993K, committed 194752K, reserved 622592K
  class space    used 24731K, committed 25600K, reserved 425984K
}
Event: 111.051 GC heap before
{Heap before GC invocations=103 (full 0):
 garbage-first heap   total 510976K, used 258701K [0x0000000080000000, 0x0000000100000000)
  region size 1024K, 24 young (24576K), 2 survivors (2048K)
 Metaspace       used 194091K, committed 195904K, reserved 622592K
  class space    used 24880K, committed 25792K, reserved 425984K
}
Event: 111.097 GC heap after
{Heap after GC invocations=104 (full 0):
 garbage-first heap   total 510976K, used 195992K [0x0000000080000000, 0x0000000100000000)
  region size 1024K, 2 young (2048K), 2 survivors (2048K)
 Metaspace       used 194091K, committed 195904K, reserved 622592K
  class space    used 24880K, committed 25792K, reserved 425984K
}
Event: 129.099 GC heap before
{Heap before GC invocations=104 (full 0):
 garbage-first heap   total 510976K, used 436632K [0x0000000080000000, 0x0000000100000000)
  region size 1024K, 236 young (241664K), 2 survivors (2048K)
 Metaspace       used 204565K, committed 206400K, reserved 622592K
  class space    used 26527K, committed 27456K, reserved 425984K
}
Event: 129.138 GC heap after
{Heap after GC invocations=105 (full 0):
 garbage-first heap   total 510976K, used 207143K [0x0000000080000000, 0x0000000100000000)
  region size 1024K, 13 young (13312K), 13 survivors (13312K)
 Metaspace       used 204565K, committed 206400K, reserved 622592K
  class space    used 26527K, committed 27456K, reserved 425984K
}
Event: 132.539 GC heap before
{Heap before GC invocations=106 (full 0):
 garbage-first heap   total 510976K, used 420135K [0x0000000080000000, 0x0000000100000000)
  region size 1024K, 221 young (226304K), 13 survivors (13312K)
 Metaspace       used 207736K, committed 209664K, reserved 622592K
  class space    used 27055K, committed 28032K, reserved 425984K
}
Event: 132.591 GC heap after
{Heap after GC invocations=107 (full 0):
 garbage-first heap   total 510976K, used 233325K [0x0000000080000000, 0x0000000100000000)
  region size 1024K, 28 young (28672K), 28 survivors (28672K)
 Metaspace       used 207736K, committed 209664K, reserved 622592K
  class space    used 27055K, committed 28032K, reserved 425984K
}
Event: 132.600 GC heap before
{Heap before GC invocations=107 (full 0):
 garbage-first heap   total 510976K, used 234349K [0x0000000080000000, 0x0000000100000000)
  region size 1024K, 29 young (29696K), 28 survivors (28672K)
 Metaspace       used 207740K, committed 209664K, reserved 622592K
  class space    used 27057K, committed 28032K, reserved 425984K
}
Event: 132.782 GC heap after
{Heap after GC invocations=108 (full 0):
 garbage-first heap   total 510976K, used 231495K [0x0000000080000000, 0x0000000100000000)
  region size 1024K, 3 young (3072K), 3 survivors (3072K)
 Metaspace       used 207740K, committed 209664K, reserved 622592K
  class space    used 27057K, committed 28032K, reserved 425984K
}
Event: 134.358 GC heap before
{Heap before GC invocations=108 (full 0):
 garbage-first heap   total 510976K, used 415815K [0x0000000080000000, 0x0000000100000000)
  region size 1024K, 183 young (187392K), 3 survivors (3072K)
 Metaspace       used 208881K, committed 211008K, reserved 622592K
  class space    used 27205K, committed 28224K, reserved 425984K
}
Event: 134.379 GC heap after
{Heap after GC invocations=109 (full 0):
 garbage-first heap   total 510976K, used 253440K [0x0000000080000000, 0x0000000100000000)
  region size 1024K, 23 young (23552K), 23 survivors (23552K)
 Metaspace       used 208881K, committed 211008K, reserved 622592K
  class space    used 27205K, committed 28224K, reserved 425984K
}
Event: 136.306 GC heap before
{Heap before GC invocations=109 (full 0):
 garbage-first heap   total 510976K, used 414208K [0x0000000080000000, 0x0000000100000000)
  region size 1024K, 180 young (184320K), 23 survivors (23552K)
 Metaspace       used 209755K, committed 211968K, reserved 622592K
  class space    used 27337K, committed 28416K, reserved 425984K
}
Event: 136.360 GC heap after
{Heap after GC invocations=110 (full 0):
 garbage-first heap   total 510976K, used 275361K [0x0000000080000000, 0x0000000100000000)
  region size 1024K, 22 young (22528K), 22 survivors (22528K)
 Metaspace       used 209755K, committed 211968K, reserved 622592K
  class space    used 27337K, committed 28416K, reserved 425984K
}
Event: 141.323 GC heap before
{Heap before GC invocations=110 (full 0):
 garbage-first heap   total 510976K, used 414625K [0x0000000080000000, 0x0000000100000000)
  region size 1024K, 158 young (161792K), 22 survivors (22528K)
 Metaspace       used 212533K, committed 214912K, reserved 622592K
  class space    used 27689K, committed 28864K, reserved 425984K
}
Event: 141.372 GC heap after
{Heap after GC invocations=111 (full 0):
 garbage-first heap   total 510976K, used 281154K [0x0000000080000000, 0x0000000100000000)
  region size 1024K, 7 young (7168K), 7 survivors (7168K)
 Metaspace       used 212533K, committed 214912K, reserved 622592K
  class space    used 27689K, committed 28864K, reserved 425984K
}
Event: 143.552 GC heap before
{Heap before GC invocations=111 (full 0):
 garbage-first heap   total 510976K, used 433730K [0x0000000080000000, 0x0000000100000000)
  region size 1024K, 143 young (146432K), 7 survivors (7168K)
 Metaspace       used 215553K, committed 217920K, reserved 622592K
  class space    used 28096K, committed 29248K, reserved 425984K
}
Event: 143.573 GC heap after
{Heap after GC invocations=112 (full 0):
 garbage-first heap   total 510976K, used 312702K [0x0000000080000000, 0x0000000100000000)
  region size 1024K, 18 young (18432K), 18 survivors (18432K)
 Metaspace       used 215553K, committed 217920K, reserved 622592K
  class space    used 28096K, committed 29248K, reserved 425984K
}
Event: 145.857 GC heap before
{Heap before GC invocations=112 (full 0):
 garbage-first heap   total 510976K, used 418174K [0x0000000080000000, 0x0000000100000000)
  region size 1024K, 120 young (122880K), 18 survivors (18432K)
 Metaspace       used 216357K, committed 218752K, reserved 622592K
  class space    used 28124K, committed 29312K, reserved 425984K
}
Event: 145.969 GC heap after
{Heap after GC invocations=113 (full 0):
 garbage-first heap   total 510976K, used 328609K [0x0000000080000000, 0x0000000100000000)
  region size 1024K, 14 young (14336K), 14 survivors (14336K)
 Metaspace       used 216357K, committed 218752K, reserved 622592K
  class space    used 28124K, committed 29312K, reserved 425984K
}
Event: 146.841 GC heap before
{Heap before GC invocations=113 (full 0):
 garbage-first heap   total 510976K, used 422817K [0x0000000080000000, 0x0000000100000000)
  region size 1024K, 105 young (107520K), 14 survivors (14336K)
 Metaspace       used 216505K, committed 218880K, reserved 622592K
  class space    used 28141K, committed 29312K, reserved 425984K
}

