# JRE version: OpenJDK Runtime Environment Temurin-17.0.16+8 (17.0.16+8) (build 17.0.16+8)
# Java VM: OpenJDK 64-Bit Server VM Temurin-17.0.16+8 (17.0.16+8, mixed mode, sharing, tiered, compressed oops, compressed class ptrs, g1 gc, windows-amd64)
GC Precious Log:
 CPUs: 12 total, 12 available
 Memory: 5989M
 Large Page Support: Disabled
 NUMA Support: Disabled
 Compressed Oops: Enabled (32-bit)
 Heap Region Size: 1M
 Heap Min Capacity: 8M
 Heap Initial Capacity: 94M
 Heap Max Capacity: 2G
 Pre-touch: Disabled
 Parallel Workers: 10
 Concurrent Workers: 3
 Concurrent Refinement Workers: 10
 Periodic GC: Disabled
Heap:
 garbage-first heap   total 116736K, used 81742K [0x0000000080000000, 0x0000000100000000)
  region size 1024K, 19 young (19456K), 3 survivors (3072K)
 Metaspace       used 64617K, committed 65472K, reserved 491520K
  class space    used 9140K, committed 9536K, reserved 425984K
GC Heap History (20 events):
Event: 12.579 GC heap before
{Heap before GC invocations=16 (full 0):
 garbage-first heap   total 92160K, used 74553K [0x0000000080000000, 0x0000000100000000)
  region size 1024K, 34 young (34816K), 3 survivors (3072K)
 Metaspace       used 50403K, committed 51072K, reserved 491520K
  class space    used 7044K, committed 7360K, reserved 425984K
}
Event: 12.582 GC heap after
{Heap after GC invocations=17 (full 0):
 garbage-first heap   total 92160K, used 41619K [0x0000000080000000, 0x0000000100000000)
  region size 1024K, 4 young (4096K), 4 survivors (4096K)
 Metaspace       used 50403K, committed 51072K, reserved 491520K
  class space    used 7044K, committed 7360K, reserved 425984K
}
Event: 13.294 GC heap before
{Heap before GC invocations=17 (full 0):
 garbage-first heap   total 92160K, used 74387K [0x0000000080000000, 0x0000000100000000)
  region size 1024K, 36 young (36864K), 4 survivors (4096K)
 Metaspace       used 53462K, committed 54080K, reserved 491520K
  class space    used 7512K, committed 7808K, reserved 425984K
}
Event: 13.301 GC heap after
{Heap after GC invocations=18 (full 0):
 garbage-first heap   total 92160K, used 44156K [0x0000000080000000, 0x0000000100000000)
  region size 1024K, 5 young (5120K), 5 survivors (5120K)
 Metaspace       used 53462K, committed 54080K, reserved 491520K
  class space    used 7512K, committed 7808K, reserved 425984K
}
Event: 14.192 GC heap before
{Heap before GC invocations=18 (full 0):
 garbage-first heap   total 92160K, used 73852K [0x0000000080000000, 0x0000000100000000)
  region size 1024K, 35 young (35840K), 5 survivors (5120K)
 Metaspace       used 55608K, committed 56320K, reserved 491520K
  class space    used 7840K, committed 8192K, reserved 425984K
}
Event: 14.197 GC heap after
{Heap after GC invocations=19 (full 0):
 garbage-first heap   total 92160K, used 46053K [0x0000000080000000, 0x0000000100000000)
  region size 1024K, 5 young (5120K), 5 survivors (5120K)
 Metaspace       used 55608K, committed 56320K, reserved 491520K
  class space    used 7840K, committed 8192K, reserved 425984K
}
Event: 14.879 GC heap before
{Heap before GC invocations=19 (full 0):
 garbage-first heap   total 92160K, used 73701K [0x0000000080000000, 0x0000000100000000)
  region size 1024K, 33 young (33792K), 5 survivors (5120K)
 Metaspace       used 56593K, committed 57280K, reserved 491520K
  class space    used 7963K, committed 8320K, reserved 425984K
}
Event: 14.884 GC heap after
{Heap after GC invocations=20 (full 0):
 garbage-first heap   total 92160K, used 47512K [0x0000000080000000, 0x0000000100000000)
  region size 1024K, 4 young (4096K), 4 survivors (4096K)
 Metaspace       used 56593K, committed 57280K, reserved 491520K
  class space    used 7963K, committed 8320K, reserved 425984K
}
Event: 15.732 GC heap before
{Heap before GC invocations=21 (full 0):
 garbage-first heap   total 92160K, used 76184K [0x0000000080000000, 0x0000000100000000)
  region size 1024K, 32 young (32768K), 4 survivors (4096K)
 Metaspace       used 58937K, committed 59648K, reserved 491520K
  class space    used 8380K, committed 8704K, reserved 425984K
}
Event: 15.736 GC heap after
{Heap after GC invocations=22 (full 0):
 garbage-first heap   total 92160K, used 48866K [0x0000000080000000, 0x0000000100000000)
  region size 1024K, 3 young (3072K), 3 survivors (3072K)
 Metaspace       used 58937K, committed 59648K, reserved 491520K
  class space    used 8380K, committed 8704K, reserved 425984K
}
Event: 15.818 GC heap before
{Heap before GC invocations=22 (full 0):
 garbage-first heap   total 92160K, used 49890K [0x0000000080000000, 0x0000000100000000)
  region size 1024K, 5 young (5120K), 3 survivors (3072K)
 Metaspace       used 59021K, committed 59712K, reserved 491520K
  class space    used 8393K, committed 8704K, reserved 425984K
}
Event: 15.821 GC heap after
{Heap after GC invocations=23 (full 0):
 garbage-first heap   total 92160K, used 49165K [0x0000000080000000, 0x0000000100000000)
  region size 1024K, 2 young (2048K), 2 survivors (2048K)
 Metaspace       used 59021K, committed 59712K, reserved 491520K
  class space    used 8393K, committed 8704K, reserved 425984K
}
Event: 16.358 GC heap before
{Heap before GC invocations=24 (full 0):
 garbage-first heap   total 94208K, used 71693K [0x0000000080000000, 0x0000000100000000)
  region size 1024K, 21 young (21504K), 2 survivors (2048K)
 Metaspace       used 60938K, committed 61760K, reserved 491520K
  class space    used 8657K, committed 9024K, reserved 425984K
}
Event: 16.362 GC heap after
{Heap after GC invocations=25 (full 0):
 garbage-first heap   total 94208K, used 54562K [0x0000000080000000, 0x0000000100000000)
  region size 1024K, 4 young (4096K), 4 survivors (4096K)
 Metaspace       used 60938K, committed 61760K, reserved 491520K
  class space    used 8657K, committed 9024K, reserved 425984K
}
Event: 16.417 GC heap before
{Heap before GC invocations=26 (full 0):
 garbage-first heap   total 104448K, used 58658K [0x0000000080000000, 0x0000000100000000)
  region size 1024K, 5 young (5120K), 4 survivors (4096K)
 Metaspace       used 60938K, committed 61760K, reserved 491520K
  class space    used 8657K, committed 9024K, reserved 425984K
}
Event: 16.420 GC heap after
{Heap after GC invocations=27 (full 0):
 garbage-first heap   total 104448K, used 59330K [0x0000000080000000, 0x0000000100000000)
  region size 1024K, 3 young (3072K), 3 survivors (3072K)
 Metaspace       used 60938K, committed 61760K, reserved 491520K
  class space    used 8657K, committed 9024K, reserved 425984K
}
Event: 16.900 GC heap before
{Heap before GC invocations=28 (full 0):
 garbage-first heap   total 111616K, used 81858K [0x0000000080000000, 0x0000000100000000)
  region size 1024K, 22 young (22528K), 3 survivors (3072K)
 Metaspace       used 62391K, committed 63104K, reserved 491520K
  class space    used 8830K, committed 9152K, reserved 425984K
}
Event: 16.903 GC heap after
{Heap after GC invocations=29 (full 0):
 garbage-first heap   total 111616K, used 64871K [0x0000000080000000, 0x0000000100000000)
  region size 1024K, 3 young (3072K), 3 survivors (3072K)
 Metaspace       used 62391K, committed 63104K, reserved 491520K
  class space    used 8830K, committed 9152K, reserved 425984K
}
Event: 17.290 GC heap before
{Heap before GC invocations=29 (full 0):
 garbage-first heap   total 111616K, used 85351K [0x0000000080000000, 0x0000000100000000)
  region size 1024K, 23 young (23552K), 3 survivors (3072K)
 Metaspace       used 63699K, committed 64448K, reserved 491520K
  class space    used 9015K, committed 9344K, reserved 425984K
}
Event: 17.293 GC heap after
{Heap after GC invocations=30 (full 0):
 garbage-first heap   total 111616K, used 66382K [0x0000000080000000, 0x0000000100000000)
  region size 1024K, 3 young (3072K), 3 survivors (3072K)
 Metaspace       used 63699K, committed 64448K, reserved 491520K
  class space    used 9015K, committed 9344K, reserved 425984K
}

